android/app/build/intermediates/manifest_merge_blame_file/release/processReleaseMainManifest/manifest-merger-blame-release-report.txt
1<?xml version="1.0" encoding="utf-8"?>
2<manifest xmlns:android="http://schemas.android.com/apk/res/android"
3    package="com.spendly.expensetracker"
4    android:versionCode="2"
5    android:versionName="1.1" >
6
7    <uses-sdk
8        android:minSdkVersion="24"
9        android:targetSdkVersion="36" />
10
11    <uses-permission android:name="android.permission.USE_BIOMETRIC" />
11-->src\main\AndroidManifest.xml:3:5-72
11-->src\main\AndroidManifest.xml:3:22-69
12    <uses-permission android:name="android.permission.INTERNET" />
12-->src\main\AndroidManifest.xml:4:5-67
12-->src\main\AndroidManifest.xml:4:22-64
13    <uses-permission android:name="android.permission.POST_NOTIFICATIONS" />
13-->src\main\AndroidManifest.xml:5:5-77
13-->src\main\AndroidManifest.xml:5:22-74
14    <!-- suppress DeprecatedClassUsageInspection -->
15    <uses-permission android:name="android.permission.USE_FINGERPRINT" />
15-->[androidx.biometric:biometric:1.1.0] AndroidManifest.xml:27:5-74
15-->[androidx.biometric:biometric:1.1.0] AndroidManifest.xml:27:22-71
16    <uses-permission android:name="android.permission.ACCESS_NETWORK_STATE" />
16-->[com.google.firebase:firebase-auth:24.0.1] AndroidManifest.xml:26:5-79
16-->[com.google.firebase:firebase-auth:24.0.1] AndroidManifest.xml:26:22-76
17    <uses-permission android:name="com.google.android.providers.gsf.permission.READ_GSERVICES" />
17-->[com.google.android.recaptcha:recaptcha:18.6.1] AndroidManifest.xml:9:5-98
17-->[com.google.android.recaptcha:recaptcha:18.6.1] AndroidManifest.xml:9:22-95
18
19    <application
19-->src\main\AndroidManifest.xml:6:5-18:19
20        android:allowBackup="true"
20-->src\main\AndroidManifest.xml:7:9-35
21        android:appComponentFactory="androidx.core.app.CoreComponentFactory"
21-->[androidx.core:core:1.8.0] AndroidManifest.xml:24:18-86
22        android:extractNativeLibs="false"
23        android:icon="@drawable/spendly_icon"
23-->src\main\AndroidManifest.xml:8:9-46
24        android:label="Spendly"
24-->src\main\AndroidManifest.xml:9:9-32
25        android:theme="@style/AppTheme"
25-->src\main\AndroidManifest.xml:10:9-40
26        android:usesCleartextTraffic="true" >
26-->src\main\AndroidManifest.xml:11:9-44
27        <activity
27-->src\main\AndroidManifest.xml:12:9-17:20
28            android:name="com.spendly.expensetracker.MainActivity"
28-->src\main\AndroidManifest.xml:12:19-47
29            android:exported="true" >
29-->src\main\AndroidManifest.xml:12:48-71
30            <intent-filter>
30-->src\main\AndroidManifest.xml:13:13-16:29
31                <action android:name="android.intent.action.MAIN" />
31-->src\main\AndroidManifest.xml:14:17-69
31-->src\main\AndroidManifest.xml:14:25-66
32
33                <category android:name="android.intent.category.LAUNCHER" />
33-->src\main\AndroidManifest.xml:15:17-77
33-->src\main\AndroidManifest.xml:15:27-74
34            </intent-filter>
35        </activity>
36        <activity
36-->[com.google.firebase:firebase-auth:24.0.1] AndroidManifest.xml:29:9-46:20
37            android:name="com.google.firebase.auth.internal.GenericIdpActivity"
37-->[com.google.firebase:firebase-auth:24.0.1] AndroidManifest.xml:30:13-80
38            android:excludeFromRecents="true"
38-->[com.google.firebase:firebase-auth:24.0.1] AndroidManifest.xml:31:13-46
39            android:exported="true"
39-->[com.google.firebase:firebase-auth:24.0.1] AndroidManifest.xml:32:13-36
40            android:launchMode="singleTask"
40-->[com.google.firebase:firebase-auth:24.0.1] AndroidManifest.xml:33:13-44
41            android:theme="@android:style/Theme.Translucent.NoTitleBar" >
41-->[com.google.firebase:firebase-auth:24.0.1] AndroidManifest.xml:34:13-72
42            <intent-filter>
42-->[com.google.firebase:firebase-auth:24.0.1] AndroidManifest.xml:35:13-45:29
43                <action android:name="android.intent.action.VIEW" />
43-->[com.google.firebase:firebase-auth:24.0.1] AndroidManifest.xml:36:17-69
43-->[com.google.firebase:firebase-auth:24.0.1] AndroidManifest.xml:36:25-66
44
45                <category android:name="android.intent.category.DEFAULT" />
45-->[com.google.firebase:firebase-auth:24.0.1] AndroidManifest.xml:38:17-76
45-->[com.google.firebase:firebase-auth:24.0.1] AndroidManifest.xml:38:27-73
46                <category android:name="android.intent.category.BROWSABLE" />
46-->[com.google.firebase:firebase-auth:24.0.1] AndroidManifest.xml:39:17-78
46-->[com.google.firebase:firebase-auth:24.0.1] AndroidManifest.xml:39:27-75
47
48                <data
48-->[com.google.firebase:firebase-auth:24.0.1] AndroidManifest.xml:41:17-44:51
49                    android:host="firebase.auth"
49-->[com.google.firebase:firebase-auth:24.0.1] AndroidManifest.xml:42:21-49
50                    android:path="/"
50-->[com.google.firebase:firebase-auth:24.0.1] AndroidManifest.xml:43:21-37
51                    android:scheme="genericidp" />
51-->[com.google.firebase:firebase-auth:24.0.1] AndroidManifest.xml:44:21-48
52            </intent-filter>
53        </activity>
54        <activity
54-->[com.google.firebase:firebase-auth:24.0.1] AndroidManifest.xml:47:9-64:20
55            android:name="com.google.firebase.auth.internal.RecaptchaActivity"
55-->[com.google.firebase:firebase-auth:24.0.1] AndroidManifest.xml:48:13-79
56            android:excludeFromRecents="true"
56-->[com.google.firebase:firebase-auth:24.0.1] AndroidManifest.xml:49:13-46
57            android:exported="true"
57-->[com.google.firebase:firebase-auth:24.0.1] AndroidManifest.xml:50:13-36
58            android:launchMode="singleTask"
58-->[com.google.firebase:firebase-auth:24.0.1] AndroidManifest.xml:51:13-44
59            android:theme="@android:style/Theme.Translucent.NoTitleBar" >
59-->[com.google.firebase:firebase-auth:24.0.1] AndroidManifest.xml:52:13-72
60            <intent-filter>
60-->[com.google.firebase:firebase-auth:24.0.1] AndroidManifest.xml:53:13-63:29
61                <action android:name="android.intent.action.VIEW" />
61-->[com.google.firebase:firebase-auth:24.0.1] AndroidManifest.xml:36:17-69
61-->[com.google.firebase:firebase-auth:24.0.1] AndroidManifest.xml:36:25-66
62
63                <category android:name="android.intent.category.DEFAULT" />
63-->[com.google.firebase:firebase-auth:24.0.1] AndroidManifest.xml:38:17-76
63-->[com.google.firebase:firebase-auth:24.0.1] AndroidManifest.xml:38:27-73
64                <category android:name="android.intent.category.BROWSABLE" />
64-->[com.google.firebase:firebase-auth:24.0.1] AndroidManifest.xml:39:17-78
64-->[com.google.firebase:firebase-auth:24.0.1] AndroidManifest.xml:39:27-75
65
66                <data
66-->[com.google.firebase:firebase-auth:24.0.1] AndroidManifest.xml:41:17-44:51
67                    android:host="firebase.auth"
67-->[com.google.firebase:firebase-auth:24.0.1] AndroidManifest.xml:42:21-49
68                    android:path="/"
68-->[com.google.firebase:firebase-auth:24.0.1] AndroidManifest.xml:43:21-37
69                    android:scheme="recaptcha" />
69-->[com.google.firebase:firebase-auth:24.0.1] AndroidManifest.xml:44:21-48
70            </intent-filter>
71        </activity>
72
73        <service
73-->[com.google.firebase:firebase-auth:24.0.1] AndroidManifest.xml:66:9-72:19
74            android:name="com.google.firebase.components.ComponentDiscoveryService"
74-->[com.google.firebase:firebase-auth:24.0.1] AndroidManifest.xml:67:13-84
75            android:directBootAware="true"
75-->[com.google.firebase:firebase-common:22.0.1] AndroidManifest.xml:32:13-43
76            android:exported="false" >
76-->[com.google.firebase:firebase-auth:24.0.1] AndroidManifest.xml:68:13-37
77            <meta-data
77-->[com.google.firebase:firebase-auth:24.0.1] AndroidManifest.xml:69:13-71:85
78                android:name="com.google.firebase.components:com.google.firebase.auth.FirebaseAuthRegistrar"
78-->[com.google.firebase:firebase-auth:24.0.1] AndroidManifest.xml:70:17-109
79                android:value="com.google.firebase.components.ComponentRegistrar" />
79-->[com.google.firebase:firebase-auth:24.0.1] AndroidManifest.xml:71:17-82
80            <meta-data
80-->[com.google.firebase:firebase-firestore:26.0.2] AndroidManifest.xml:17:13-19:85
81                android:name="com.google.firebase.components:com.google.firebase.firestore.FirebaseFirestoreKtxRegistrar"
81-->[com.google.firebase:firebase-firestore:26.0.2] AndroidManifest.xml:18:17-122
82                android:value="com.google.firebase.components.ComponentRegistrar" />
82-->[com.google.firebase:firebase-firestore:26.0.2] AndroidManifest.xml:19:17-82
83            <meta-data
83-->[com.google.firebase:firebase-firestore:26.0.2] AndroidManifest.xml:20:13-22:85
84                android:name="com.google.firebase.components:com.google.firebase.firestore.FirestoreRegistrar"
84-->[com.google.firebase:firebase-firestore:26.0.2] AndroidManifest.xml:21:17-111
85                android:value="com.google.firebase.components.ComponentRegistrar" />
85-->[com.google.firebase:firebase-firestore:26.0.2] AndroidManifest.xml:22:17-82
86            <meta-data
86-->[com.google.firebase:firebase-common:22.0.1] AndroidManifest.xml:35:13-37:85
87                android:name="com.google.firebase.components:com.google.firebase.FirebaseCommonKtxRegistrar"
87-->[com.google.firebase:firebase-common:22.0.1] AndroidManifest.xml:36:17-109
88                android:value="com.google.firebase.components.ComponentRegistrar" />
88-->[com.google.firebase:firebase-common:22.0.1] AndroidManifest.xml:37:17-82
89        </service>
90        <service
90-->[androidx.credentials:credentials-play-services-auth:1.2.0-rc01] AndroidManifest.xml:24:9-32:19
91            android:name="androidx.credentials.playservices.CredentialProviderMetadataHolder"
91-->[androidx.credentials:credentials-play-services-auth:1.2.0-rc01] AndroidManifest.xml:25:13-94
92            android:enabled="true"
92-->[androidx.credentials:credentials-play-services-auth:1.2.0-rc01] AndroidManifest.xml:26:13-35
93            android:exported="false" >
93-->[androidx.credentials:credentials-play-services-auth:1.2.0-rc01] AndroidManifest.xml:27:13-37
94            <meta-data
94-->[androidx.credentials:credentials-play-services-auth:1.2.0-rc01] AndroidManifest.xml:29:13-31:104
95                android:name="androidx.credentials.CREDENTIAL_PROVIDER_KEY"
95-->[androidx.credentials:credentials-play-services-auth:1.2.0-rc01] AndroidManifest.xml:30:17-76
96                android:value="androidx.credentials.playservices.CredentialProviderPlayServicesImpl" />
96-->[androidx.credentials:credentials-play-services-auth:1.2.0-rc01] AndroidManifest.xml:31:17-101
97        </service>
98
99        <activity
99-->[androidx.credentials:credentials-play-services-auth:1.2.0-rc01] AndroidManifest.xml:34:9-41:20
100            android:name="androidx.credentials.playservices.HiddenActivity"
100-->[androidx.credentials:credentials-play-services-auth:1.2.0-rc01] AndroidManifest.xml:35:13-76
101            android:configChanges="orientation|screenSize|screenLayout|keyboardHidden"
101-->[androidx.credentials:credentials-play-services-auth:1.2.0-rc01] AndroidManifest.xml:36:13-87
102            android:enabled="true"
102-->[androidx.credentials:credentials-play-services-auth:1.2.0-rc01] AndroidManifest.xml:37:13-35
103            android:exported="false"
103-->[androidx.credentials:credentials-play-services-auth:1.2.0-rc01] AndroidManifest.xml:38:13-37
104            android:fitsSystemWindows="true"
104-->[androidx.credentials:credentials-play-services-auth:1.2.0-rc01] AndroidManifest.xml:39:13-45
105            android:theme="@style/Theme.Hidden" >
105-->[androidx.credentials:credentials-play-services-auth:1.2.0-rc01] AndroidManifest.xml:40:13-48
106        </activity>
107        <activity
107-->[com.google.android.gms:play-services-auth:21.3.0] AndroidManifest.xml:23:9-27:75
108            android:name="com.google.android.gms.auth.api.signin.internal.SignInHubActivity"
108-->[com.google.android.gms:play-services-auth:21.3.0] AndroidManifest.xml:24:13-93
109            android:excludeFromRecents="true"
109-->[com.google.android.gms:play-services-auth:21.3.0] AndroidManifest.xml:25:13-46
110            android:exported="false"
110-->[com.google.android.gms:play-services-auth:21.3.0] AndroidManifest.xml:26:13-37
111            android:theme="@android:style/Theme.Translucent.NoTitleBar" />
111-->[com.google.android.gms:play-services-auth:21.3.0] AndroidManifest.xml:27:13-72
112        <!--
113            Service handling Google Sign-In user revocation. For apps that do not integrate with
114            Google Sign-In, this service will never be started.
115        -->
116        <service
116-->[com.google.android.gms:play-services-auth:21.3.0] AndroidManifest.xml:33:9-37:51
117            android:name="com.google.android.gms.auth.api.signin.RevocationBoundService"
117-->[com.google.android.gms:play-services-auth:21.3.0] AndroidManifest.xml:34:13-89
118            android:exported="true"
118-->[com.google.android.gms:play-services-auth:21.3.0] AndroidManifest.xml:35:13-36
119            android:permission="com.google.android.gms.auth.api.signin.permission.REVOCATION_NOTIFICATION"
119-->[com.google.android.gms:play-services-auth:21.3.0] AndroidManifest.xml:36:13-107
120            android:visibleToInstantApps="true" />
120-->[com.google.android.gms:play-services-auth:21.3.0] AndroidManifest.xml:37:13-48
121
122        <activity
122-->[com.google.android.gms:play-services-base:18.5.0] AndroidManifest.xml:5:9-173
123            android:name="com.google.android.gms.common.api.GoogleApiActivity"
123-->[com.google.android.gms:play-services-base:18.5.0] AndroidManifest.xml:5:19-85
124            android:exported="false"
124-->[com.google.android.gms:play-services-base:18.5.0] AndroidManifest.xml:5:146-170
125            android:theme="@android:style/Theme.Translucent.NoTitleBar" />
125-->[com.google.android.gms:play-services-base:18.5.0] AndroidManifest.xml:5:86-145
126
127        <provider
127-->[com.google.firebase:firebase-common:22.0.1] AndroidManifest.xml:23:9-28:39
128            android:name="com.google.firebase.provider.FirebaseInitProvider"
128-->[com.google.firebase:firebase-common:22.0.1] AndroidManifest.xml:24:13-77
129            android:authorities="com.spendly.expensetracker.firebaseinitprovider"
129-->[com.google.firebase:firebase-common:22.0.1] AndroidManifest.xml:25:13-72
130            android:directBootAware="true"
130-->[com.google.firebase:firebase-common:22.0.1] AndroidManifest.xml:26:13-43
131            android:exported="false"
131-->[com.google.firebase:firebase-common:22.0.1] AndroidManifest.xml:27:13-37
132            android:initOrder="100" />
132-->[com.google.firebase:firebase-common:22.0.1] AndroidManifest.xml:28:13-36
133
134        <meta-data
134-->[com.google.android.gms:play-services-basement:18.8.0] AndroidManifest.xml:21:9-23:69
135            android:name="com.google.android.gms.version"
135-->[com.google.android.gms:play-services-basement:18.8.0] AndroidManifest.xml:22:13-58
136            android:value="@integer/google_play_services_version" /> <!-- The activities will be merged into the manifest of the hosting app. -->
136-->[com.google.android.gms:play-services-basement:18.8.0] AndroidManifest.xml:23:13-66
137        <activity
137-->[com.google.android.play:core-common:2.0.3] AndroidManifest.xml:14:9-18:65
138            android:name="com.google.android.play.core.common.PlayCoreDialogWrapperActivity"
138-->[com.google.android.play:core-common:2.0.3] AndroidManifest.xml:15:13-93
139            android:exported="false"
139-->[com.google.android.play:core-common:2.0.3] AndroidManifest.xml:16:13-37
140            android:stateNotNeeded="true"
140-->[com.google.android.play:core-common:2.0.3] AndroidManifest.xml:17:13-42
141            android:theme="@style/Theme.PlayCore.Transparent" />
141-->[com.google.android.play:core-common:2.0.3] AndroidManifest.xml:18:13-62
142    </application>
143
144</manifest>